sample/build/intermediates/manifest_merge_blame_file/debug/manifest-merger-blame-debug-report.txt
1<?xml version="1.0" encoding="utf-8"?>
2<manifest xmlns:android="http://schemas.android.com/apk/res/android"
3    package="com.daasuu.camerarecorder_androidtesttest"
4    android:versionCode="1"
5    android:versionName="1.0" >
6
7    <uses-sdk
8        android:minSdkVersion="24"
8-->src\main\AndroidManifest.xml
9        android:targetSdkVersion="29" />
9-->src\main\AndroidManifest.xml
10
11    <uses-permission android:name="android.permission.RECORD_AUDIO" />
11-->[:camerarecorder] AndroidManifest.xml:9:5-71
11-->[:camerarecorder] AndroidManifest.xml:9:22-68
12    <uses-permission android:name="android.permission.READ_EXTERNAL_STORAGE" />
12-->[:camerarecorder] AndroidManifest.xml:10:5-80
12-->[:camerarecorder] AndroidManifest.xml:10:22-77
13    <uses-permission android:name="android.permission.INTERNET" />
13-->[:camerarecorder] AndroidManifest.xml:11:5-67
13-->[:camerarecorder] AndroidManifest.xml:11:22-64
14    <uses-permission android:name="android.permission.ACCESS_NETWORK_STATE" />
14-->[:camerarecorder] AndroidManifest.xml:12:5-79
14-->[:camerarecorder] AndroidManifest.xml:12:22-76
15
16    <uses-feature android:name="android.hardware.camera" />
16-->[:camerarecorder] AndroidManifest.xml:14:5-60
16-->[:camerarecorder] AndroidManifest.xml:14:19-57
17    <uses-feature android:name="android.hardware.camera.autofocus" />
17-->[:camerarecorder] AndroidManifest.xml:15:5-70
17-->[:camerarecorder] AndroidManifest.xml:15:19-67
18
19    <uses-permission android:name="android.permission.CAMERA" />
19-->[:camerarecorder] AndroidManifest.xml:17:5-65
19-->[:camerarecorder] AndroidManifest.xml:17:22-62
20    <uses-permission android:name="android.permission.WRITE_EXTERNAL_STORAGE" />
20-->[:camerarecorder] AndroidManifest.xml:18:5-81
20-->[:camerarecorder] AndroidManifest.xml:18:22-78
21    <uses-permission android:name="android.permission.RECORD_AUDIO" />
21-->[:camerarecorder] AndroidManifest.xml:9:5-71
21-->[:camerarecorder] AndroidManifest.xml:9:22-68
22
23    <application
23-->src\main\AndroidManifest.xml:4:5-19:19
24        android:allowBackup="true"
24-->src\main\AndroidManifest.xml:5:9-35
25        android:appComponentFactory="androidx.core.app.CoreComponentFactory"
25-->[androidx.core:core:1.5.0] AndroidManifest.xml:24:18-86
26        android:debuggable="true"
27        android:extractNativeLibs="false"
28        android:icon="@mipmap/ic_launcher"
28-->src\main\AndroidManifest.xml:6:9-43
29        android:label="@string/app_name"
29-->src\main\AndroidManifest.xml:7:9-41
30        android:roundIcon="@mipmap/ic_launcher_round"
30-->src\main\AndroidManifest.xml:8:9-54
31        android:supportsRtl="true"
31-->src\main\AndroidManifest.xml:9:9-35
32        android:theme="@style/AppTheme" >
32-->src\main\AndroidManifest.xml:10:9-40
33        <activity
33-->src\main\AndroidManifest.xml:11:9-18:20
34            android:name="com.daasuu.sample.MainActivity"
34-->src\main\AndroidManifest.xml:12:13-58
35            android:screenOrientation="portrait" >
35-->src\main\AndroidManifest.xml:13:13-49
36            <intent-filter>
36-->src\main\AndroidManifest.xml:14:13-17:29
37                <action android:name="android.intent.action.MAIN" />
37-->src\main\AndroidManifest.xml:15:17-69
37-->src\main\AndroidManifest.xml:15:25-66
38
39                <category android:name="android.intent.category.LAUNCHER" />
39-->src\main\AndroidManifest.xml:16:17-77
39-->src\main\AndroidManifest.xml:16:27-74
40            </intent-filter>
41        </activity>
42        <activity
42-->[:camerarecorder] AndroidManifest.xml:26:9-29:20
43            android:name="com.daasuu.camerarecorder.VideoProcessActivity"
43-->[:camerarecorder] AndroidManifest.xml:27:13-74
44            android:screenOrientation="portrait" >
44-->[:camerarecorder] AndroidManifest.xml:28:13-49
45        </activity>
46        <activity
46-->[:camerarecorder] AndroidManifest.xml:30:9-32:52
47            android:name="com.daasuu.camerarecorder.PortrateActivity"
47-->[:camerarecorder] AndroidManifest.xml:31:13-70
48            android:screenOrientation="portrait" />
48-->[:camerarecorder] AndroidManifest.xml:32:13-49
49        <activity
49-->[:camerarecorder] AndroidManifest.xml:33:9-35:52
50            android:name="com.daasuu.camerarecorder.BaseCameraActivity"
50-->[:camerarecorder] AndroidManifest.xml:34:13-72
51            android:screenOrientation="portrait" />
51-->[:camerarecorder] AndroidManifest.xml:35:13-49
52        <activity android:name="com.daasuu.camerarecorder.SquareActivity" />
52-->[:camerarecorder] AndroidManifest.xml:36:9-77
52-->[:camerarecorder] AndroidManifest.xml:36:19-74
53        <activity
53-->[:camerarecorder] AndroidManifest.xml:37:9-39:52
54            android:name="com.daasuu.camerarecorder.LandscapeActivity"
54-->[:camerarecorder] AndroidManifest.xml:38:13-71
55            android:screenOrientation="portrait" />
55-->[:camerarecorder] AndroidManifest.xml:39:13-49
56        <activity
56-->[:camerarecorder] AndroidManifest.xml:40:9-42:52
57            android:name="com.daasuu.camerarecorder.CameraMainActivity"
57-->[:camerarecorder] AndroidManifest.xml:41:13-72
58            android:screenOrientation="portrait" />
58-->[:camerarecorder] AndroidManifest.xml:42:13-49
59        <activity
59-->[:camerarecorder] AndroidManifest.xml:43:9-45:52
60            android:name="com.daasuu.camerarecorder.FastAndSlowVideoMotionActivity"
60-->[:camerarecorder] AndroidManifest.xml:44:13-84
61            android:screenOrientation="portrait" />
61-->[:camerarecorder] AndroidManifest.xml:45:13-49
62        <activity
62-->[:camerarecorder] AndroidManifest.xml:46:9-48:52
63            android:name="com.daasuu.camerarecorder.CombineImagesActivity"
63-->[:camerarecorder] AndroidManifest.xml:47:13-75
64            android:screenOrientation="portrait" />
64-->[:camerarecorder] AndroidManifest.xml:48:13-49
65        <activity
65-->[:camerarecorder] AndroidManifest.xml:49:9-51:52
66            android:name="com.daasuu.camerarecorder.ExtractAudioActivity"
66-->[:camerarecorder] AndroidManifest.xml:50:13-74
67            android:screenOrientation="portrait" />
67-->[:camerarecorder] AndroidManifest.xml:51:13-49
68        <activity
68-->[:camerarecorder] AndroidManifest.xml:52:9-55:66
69            android:name="com.daasuu.camerarecorder.AddTextOnVideoActivity"
69-->[:camerarecorder] AndroidManifest.xml:53:13-76
70            android:screenOrientation="portrait"
70-->[:camerarecorder] AndroidManifest.xml:54:13-49
71            android:theme="@style/Theme.AppCompat.Translucent" />
71-->[:camerarecorder] AndroidManifest.xml:55:13-63
72        <activity
72-->[:camerarecorder] AndroidManifest.xml:56:9-58:52
73            android:name="com.daasuu.camerarecorder.ReverseVideoActivity"
73-->[:camerarecorder] AndroidManifest.xml:57:13-74
74            android:screenOrientation="portrait" />
74-->[:camerarecorder] AndroidManifest.xml:58:13-49
75        <activity
75-->[:camerarecorder] AndroidManifest.xml:59:9-61:52
76            android:name="com.daasuu.camerarecorder.MergeImageAndMP3Activity"
76-->[:camerarecorder] AndroidManifest.xml:60:13-78
77            android:screenOrientation="portrait" />
77-->[:camerarecorder] AndroidManifest.xml:61:13-49
78        <activity
78-->[:camerarecorder] AndroidManifest.xml:62:9-65:66
79            android:name="com.daasuu.camerarecorder.AddWaterMarkOnVideoActivity"
79-->[:camerarecorder] AndroidManifest.xml:63:13-81
80            android:screenOrientation="portrait"
80-->[:camerarecorder] AndroidManifest.xml:64:13-49
81            android:theme="@style/Theme.AppCompat.Translucent" />
81-->[:camerarecorder] AndroidManifest.xml:65:13-63
82        <activity
82-->[:camerarecorder] AndroidManifest.xml:66:9-68:52
83            android:name="com.daasuu.camerarecorder.CombineVideosActivity"
83-->[:camerarecorder] AndroidManifest.xml:67:13-75
84            android:screenOrientation="portrait" />
84-->[:camerarecorder] AndroidManifest.xml:68:13-49
85        <activity
85-->[:camerarecorder] AndroidManifest.xml:69:9-71:52
86            android:name="com.daasuu.camerarecorder.CombineImageAndVideoActivity"
86-->[:camerarecorder] AndroidManifest.xml:70:13-82
87            android:screenOrientation="portrait" />
87-->[:camerarecorder] AndroidManifest.xml:71:13-49
88        <activity
88-->[:camerarecorder] AndroidManifest.xml:72:9-74:52
89            android:name="com.daasuu.camerarecorder.MergeAudioVideoActivity"
89-->[:camerarecorder] AndroidManifest.xml:73:13-77
90            android:screenOrientation="portrait" />
90-->[:camerarecorder] AndroidManifest.xml:74:13-49
91        <activity
91-->[:camerarecorder] AndroidManifest.xml:75:9-77:52
92            android:name="com.daasuu.camerarecorder.RemoveAudioFromVideoActivity"
92-->[:camerarecorder] AndroidManifest.xml:76:13-82
93            android:screenOrientation="portrait" />
93-->[:camerarecorder] AndroidManifest.xml:77:13-49
94        <activity
94-->[:camerarecorder] AndroidManifest.xml:78:9-80:52
95            android:name="com.daasuu.camerarecorder.ImageToVideoConvertActivity"
95-->[:camerarecorder] AndroidManifest.xml:79:13-81
96            android:screenOrientation="portrait" />
96-->[:camerarecorder] AndroidManifest.xml:80:13-49
97        <activity
97-->[:camerarecorder] AndroidManifest.xml:81:9-83:52
98            android:name="com.daasuu.camerarecorder.VideoRotateFlipActivity"
98-->[:camerarecorder] AndroidManifest.xml:82:13-77
99            android:screenOrientation="portrait" />
99-->[:camerarecorder] AndroidManifest.xml:83:13-49
100        <activity
100-->[:camerarecorder] AndroidManifest.xml:84:9-86:52
101            android:name="com.daasuu.camerarecorder.CutVideoUsingTimeActivity"
101-->[:camerarecorder] AndroidManifest.xml:85:13-79
102            android:screenOrientation="portrait" />
102-->[:camerarecorder] AndroidManifest.xml:86:13-49
103        <activity
103-->[:camerarecorder] AndroidManifest.xml:87:9-89:52
104            android:name="com.daasuu.camerarecorder.VideoToGifActivity"
104-->[:camerarecorder] AndroidManifest.xml:88:13-72
105            android:screenOrientation="portrait" />
105-->[:camerarecorder] AndroidManifest.xml:89:13-49
106        <activity
106-->[:camerarecorder] AndroidManifest.xml:90:9-92:52
107            android:name="com.daasuu.camerarecorder.OptionsList"
107-->[:camerarecorder] AndroidManifest.xml:91:13-65
108            android:screenOrientation="portrait" />
108-->[:camerarecorder] AndroidManifest.xml:92:13-49
109        <activity
109-->[:camerarecorder] AndroidManifest.xml:93:9-95:52
110            android:name="com.daasuu.camerarecorder.TrimMainActivity"
110-->[:camerarecorder] AndroidManifest.xml:94:13-70
111            android:screenOrientation="portrait" />
111-->[:camerarecorder] AndroidManifest.xml:95:13-49
112        <activity
112-->[:camerarecorder] AndroidManifest.xml:96:9-98:52
113            android:name="com.daasuu.camerarecorder.TrimmerActivity"
113-->[:camerarecorder] AndroidManifest.xml:97:13-69
114            android:screenOrientation="portrait" />
114-->[:camerarecorder] AndroidManifest.xml:98:13-49
115        <activity
115-->[:camerarecorder] AndroidManifest.xml:99:9-101:52
116            android:name="com.daasuu.camerarecorder.VoiceRecorderActivity"
116-->[:camerarecorder] AndroidManifest.xml:100:13-75
117            android:screenOrientation="portrait" />
117-->[:camerarecorder] AndroidManifest.xml:101:13-49
118
119        <meta-data
119-->[:camerarecorder] AndroidManifest.xml:103:9-105:57
120            android:name="preloaded_fonts"
120-->[:camerarecorder] AndroidManifest.xml:104:13-43
121            android:resource="@array/preloaded_fonts" />
121-->[:camerarecorder] AndroidManifest.xml:105:13-54
122
123        <provider
123-->[com.github.jaiselrahman:FilePicker:1.3.2] AndroidManifest.xml:14:9-22:20
124            android:name="com.jaiselrahman.filepicker.utils.FilePickerProvider"
124-->[com.github.jaiselrahman:FilePicker:1.3.2] AndroidManifest.xml:15:13-80
125            android:authorities="com.daasuu.camerarecorder_androidtesttest.filepicker.provider"
125-->[com.github.jaiselrahman:FilePicker:1.3.2] AndroidManifest.xml:16:13-71
126            android:exported="false"
126-->[com.github.jaiselrahman:FilePicker:1.3.2] AndroidManifest.xml:17:13-37
127            android:grantUriPermissions="true" >
127-->[com.github.jaiselrahman:FilePicker:1.3.2] AndroidManifest.xml:18:13-47
128            <meta-data
128-->[com.github.jaiselrahman:FilePicker:1.3.2] AndroidManifest.xml:19:13-21:86
129                android:name="android.support.FILE_PROVIDER_PATHS"
129-->[com.github.jaiselrahman:FilePicker:1.3.2] AndroidManifest.xml:20:17-67
130                android:resource="@xml/com_jaiselrahman_filepicker_provider_paths" />
130-->[com.github.jaiselrahman:FilePicker:1.3.2] AndroidManifest.xml:21:17-83
131        </provider>
132
133        <activity
133-->[com.github.jaiselrahman:FilePicker:1.3.2] AndroidManifest.xml:24:9-26:59
134            android:name="com.jaiselrahman.filepicker.activity.FilePickerActivity"
134-->[com.github.jaiselrahman:FilePicker:1.3.2] AndroidManifest.xml:25:13-83
135            android:theme="@style/AppTheme.NoActionBar" />
135-->[com.github.jaiselrahman:FilePicker:1.3.2] AndroidManifest.xml:26:13-56
136        <activity
136-->[pub.devrel:easypermissions:3.0.0] AndroidManifest.xml:12:9-16:66
137            android:name="pub.devrel.easypermissions.AppSettingsDialogHolderActivity"
137-->[pub.devrel:easypermissions:3.0.0] AndroidManifest.xml:13:13-86
138            android:exported="false"
138-->[pub.devrel:easypermissions:3.0.0] AndroidManifest.xml:14:13-37
139            android:label=""
139-->[pub.devrel:easypermissions:3.0.0] AndroidManifest.xml:15:13-29
140            android:theme="@style/EasyPermissions.Transparent" />
140-->[pub.devrel:easypermissions:3.0.0] AndroidManifest.xml:16:13-63
141    </application>
142
143</manifest>